2021-03-31 15:36:28.727  INFO 11012 --- [restartedMain] async.AsyncApplication                   : Starting AsyncApplication using Java 14.0.2 on NJ-SHAYNE-CHEN with PID 11012 (D:\2021\async\target\classes started by shayne_chen in D:\2021\async)
2021-03-31 15:36:28.734  INFO 11012 --- [restartedMain] async.AsyncApplication                   : No active profile set, falling back to default profiles: default
2021-03-31 15:36:28.765  INFO 11012 --- [restartedMain] .e.DevToolsPropertyDefaultsPostProcessor : Devtools property defaults active! Set 'spring.devtools.add-properties' to 'false' to disable
2021-03-31 15:36:28.765  INFO 11012 --- [restartedMain] .e.DevToolsPropertyDefaultsPostProcessor : For additional web related logging consider setting the 'logging.level.web' property to 'DEBUG'
2021-03-31 15:36:29.462  INFO 11012 --- [restartedMain] o.s.b.w.embedded.tomcat.TomcatWebServer  : Tomcat initialized with port(s): 8080 (http)
2021-03-31 15:36:29.462  INFO 11012 --- [restartedMain] o.apache.catalina.core.StandardService   : Starting service [Tomcat]
2021-03-31 15:36:29.462  INFO 11012 --- [restartedMain] org.apache.catalina.core.StandardEngine  : Starting Servlet engine: [Apache Tomcat/9.0.44]
2021-03-31 15:36:29.546  INFO 11012 --- [restartedMain] o.a.c.c.C.[Tomcat].[localhost].[/]       : Initializing Spring embedded WebApplicationContext
2021-03-31 15:36:29.546  INFO 11012 --- [restartedMain] w.s.c.ServletWebServerApplicationContext : Root WebApplicationContext: initialization completed in 781 ms
2021-03-31 15:36:29.655  INFO 11012 --- [restartedMain] o.s.s.concurrent.ThreadPoolTaskExecutor  : Initializing ExecutorService 'applicationTaskExecutor'
2021-03-31 15:36:29.797  INFO 11012 --- [restartedMain] o.s.b.d.a.OptionalLiveReloadServer       : LiveReload server is running on port 35729
2021-03-31 15:36:29.844  INFO 11012 --- [restartedMain] o.s.b.w.embedded.tomcat.TomcatWebServer  : Tomcat started on port(s): 8080 (http) with context path ''
2021-03-31 15:36:29.844  INFO 11012 --- [restartedMain] async.AsyncApplication                   : Started AsyncApplication in 1.405 seconds (JVM running for 3.228)
2021-03-31 15:38:21.670  INFO 11012 --- [http-nio-8080-exec-1] o.a.c.c.C.[Tomcat].[localhost].[/]       : Initializing Spring DispatcherServlet 'dispatcherServlet'
2021-03-31 15:38:21.671  INFO 11012 --- [http-nio-8080-exec-1] o.s.web.servlet.DispatcherServlet        : Initializing Servlet 'dispatcherServlet'
2021-03-31 15:38:21.672  INFO 11012 --- [http-nio-8080-exec-1] o.s.web.servlet.DispatcherServlet        : Completed initialization in 1 ms
2021-03-31 15:38:21.693  INFO 11012 --- [http-nio-8080-exec-1] async.controller.AsyncController         : blockingRequest: start
2021-03-31 15:38:26.696  INFO 11012 --- [http-nio-8080-exec-1] async.service.AsyncTaskService           : wording thread
2021-03-31 15:38:26.697  INFO 11012 --- [http-nio-8080-exec-1] async.controller.AsyncController         : blockingRequest: end
2021-03-31 15:38:58.647  INFO 11012 --- [http-nio-8080-exec-2] async.controller.AsyncController         : asyncMethod: start
2021-03-31 15:39:03.648  INFO 11012 --- [http-nio-8080-exec-2] async.service.AsyncTaskService           : wording thread
2021-03-31 15:39:03.648  INFO 11012 --- [http-nio-8080-exec-2] async.controller.AsyncController         : asyncMethod: end
2021-03-31 15:41:16.741  INFO 11012 --- [http-nio-8080-exec-4] async.controller.AsyncController         : callable: start
2021-03-31 15:41:16.742  INFO 11012 --- [http-nio-8080-exec-4] async.controller.AsyncController         : callable: end
2021-03-31 15:41:21.746  INFO 11012 --- [task-1] async.service.AsyncTaskService           : wording thread
2021-03-31 15:41:21.746  INFO 11012 --- [task-1] async.controller.AsyncController         : child task thread
2021-03-31 15:41:51.779  INFO 11012 --- [http-nio-8080-exec-6] async.controller.AsyncController         : defferedResultRequest: start
2021-03-31 15:41:51.782  INFO 11012 --- [http-nio-8080-exec-6] async.controller.AsyncController         : defferedResultRequest: end
2021-03-31 15:41:56.783  INFO 11012 --- [Thread-8] async.service.AsyncTaskService           : wording thread
2021-03-31 15:42:10.957  INFO 11012 --- [SpringContextShutdownHook] o.s.s.concurrent.ThreadPoolTaskExecutor  : Shutting down ExecutorService 'applicationTaskExecutor'
